C:\Program Files (x86)\Microsoft Visual Studio\2019\Community\MSBuild\Microsoft\VC\v160\Microsoft.CppBuild.targets(467,5): warning MSB8028: The intermediate directory (Debug\) contains files shared from another project (Battery-Recognition.vcxproj).  This can lead to incorrect clean and rebuild behavior.
  Battery-Recognition.cpp
C:\Users\cthomas\Documents\Projects\Battery-Recognition\Matrix.h(21,26): warning C4244: 'return': conversion from 'float' to 'int', possible loss of data
C:\Users\cthomas\Documents\Projects\Battery-Recognition\Matrix.h(45,15): warning C4244: '=': conversion from 'int' to 'float', possible loss of data
C:\Users\cthomas\Documents\Projects\Battery-Recognition\Matrix.h(46,26): warning C4244: '=': conversion from 'int' to 'float', possible loss of data
C:\Users\cthomas\Documents\Projects\Battery-Recognition\Matrix.h(49,17): warning C4244: '=': conversion from 'int' to 'float', possible loss of data
C:\Users\cthomas\Documents\Projects\Battery-Recognition\Matrix.h(50,25): warning C4244: '=': conversion from 'int' to 'float', possible loss of data
C:\Users\cthomas\Documents\Projects\Battery-Recognition\Image.h(47,44): warning C4244: 'argument': conversion from 'int' to 'float', possible loss of data
C:\Users\cthomas\Documents\Projects\Battery-Recognition\Image.h(13,13): warning C4996: 'fopen': This function or variable may be unsafe. Consider using fopen_s instead. To disable deprecation, use _CRT_SECURE_NO_WARNINGS. See online help for details.
C:\Users\cthomas\Documents\Projects\Battery-Recognition\Image.h(77,1): warning C4305: 'initializing': truncation from 'double' to 'float'
C:\Users\cthomas\Documents\Projects\Battery-Recognition\Image.h(87,90): warning C4244: '=': conversion from 'int' to 'float', possible loss of data
C:\Users\cthomas\Documents\Projects\Battery-Recognition\Image.h(104,13): warning C4244: '=': conversion from 'double' to 'float', possible loss of data
C:\Users\cthomas\Documents\Projects\Battery-Recognition\Image.h(106,19): warning C4244: '=': conversion from 'double' to 'float', possible loss of data
C:\Users\cthomas\Documents\Projects\Battery-Recognition\Image.h(108,13): warning C4244: '=': conversion from 'double' to 'float', possible loss of data
C:\Users\cthomas\Documents\Projects\Battery-Recognition\Image.h(110,19): warning C4244: '=': conversion from 'double' to 'float', possible loss of data
C:\Users\cthomas\Documents\Projects\Battery-Recognition\Battery-Recognition.cpp(24,68): error C2143: syntax error: missing ')' before ';'
C:\Users\cthomas\Documents\Projects\Battery-Recognition\Battery-Recognition.cpp(24,69): error C2059: syntax error: '='
C:\Users\cthomas\Documents\Projects\Battery-Recognition\Battery-Recognition.cpp(24,95): error C2059: syntax error: ')'
C:\Users\cthomas\Documents\Projects\Battery-Recognition\Battery-Recognition.cpp(24,97): error C2143: syntax error: missing ';' before '{'
C:\Users\cthomas\Documents\Projects\Battery-Recognition\Battery-Recognition.cpp(24,97): error C2447: '{': missing function header (old-style formal list?)
C:\Users\cthomas\Documents\Projects\Battery-Recognition\Battery-Recognition.cpp(68,35): error C2660: 'iteration': function does not take 3 arguments
C:\Users\cthomas\Documents\Projects\Battery-Recognition\Battery-Recognition.cpp(24,6): message : see declaration of 'iteration'
  Image_tests.cpp
C:\Users\cthomas\Documents\Projects\Battery-Recognition\Matrix.h(21,26): warning C4244: 'return': conversion from 'float' to 'int', possible loss of data
C:\Users\cthomas\Documents\Projects\Battery-Recognition\Matrix.h(45,15): warning C4244: '=': conversion from 'int' to 'float', possible loss of data
C:\Users\cthomas\Documents\Projects\Battery-Recognition\Matrix.h(46,26): warning C4244: '=': conversion from 'int' to 'float', possible loss of data
C:\Users\cthomas\Documents\Projects\Battery-Recognition\Matrix.h(49,17): warning C4244: '=': conversion from 'int' to 'float', possible loss of data
C:\Users\cthomas\Documents\Projects\Battery-Recognition\Matrix.h(50,25): warning C4244: '=': conversion from 'int' to 'float', possible loss of data
C:\Users\cthomas\Documents\Projects\Battery-Recognition\Image.h(47,44): warning C4244: 'argument': conversion from 'int' to 'float', possible loss of data
C:\Users\cthomas\Documents\Projects\Battery-Recognition\Image.h(13,13): warning C4996: 'fopen': This function or variable may be unsafe. Consider using fopen_s instead. To disable deprecation, use _CRT_SECURE_NO_WARNINGS. See online help for details.
C:\Users\cthomas\Documents\Projects\Battery-Recognition\Image.h(77,1): warning C4305: 'initializing': truncation from 'double' to 'float'
C:\Users\cthomas\Documents\Projects\Battery-Recognition\Image.h(87,90): warning C4244: '=': conversion from 'int' to 'float', possible loss of data
C:\Users\cthomas\Documents\Projects\Battery-Recognition\Image.h(104,13): warning C4244: '=': conversion from 'double' to 'float', possible loss of data
C:\Users\cthomas\Documents\Projects\Battery-Recognition\Image.h(106,19): warning C4244: '=': conversion from 'double' to 'float', possible loss of data
C:\Users\cthomas\Documents\Projects\Battery-Recognition\Image.h(108,13): warning C4244: '=': conversion from 'double' to 'float', possible loss of data
C:\Users\cthomas\Documents\Projects\Battery-Recognition\Image.h(110,19): warning C4244: '=': conversion from 'double' to 'float', possible loss of data
  Matrix_tests.cpp
C:\Users\cthomas\Documents\Projects\Battery-Recognition\Matrix.h(21,26): warning C4244: 'return': conversion from 'float' to 'int', possible loss of data
C:\Users\cthomas\Documents\Projects\Battery-Recognition\Matrix.h(45,15): warning C4244: '=': conversion from 'int' to 'float', possible loss of data
C:\Users\cthomas\Documents\Projects\Battery-Recognition\Matrix.h(46,26): warning C4244: '=': conversion from 'int' to 'float', possible loss of data
C:\Users\cthomas\Documents\Projects\Battery-Recognition\Matrix.h(49,17): warning C4244: '=': conversion from 'int' to 'float', possible loss of data
C:\Users\cthomas\Documents\Projects\Battery-Recognition\Matrix.h(50,25): warning C4244: '=': conversion from 'int' to 'float', possible loss of data
C:\Users\cthomas\Documents\Projects\Battery-Recognition\Matrix_tests.cpp(42,26): warning C4244: 'argument': conversion from 'int' to 'float', possible loss of data
C:\Users\cthomas\Documents\Projects\Battery-Recognition\Matrix_tests.cpp(54,26): warning C4244: 'argument': conversion from 'int' to 'float', possible loss of data
  unit_test_framework.cpp
  Generating Code...
